{
  "stats": {
    "suites": 28,
    "tests": 42,
    "passes": 42,
    "pending": 0,
    "failures": 0,
    "start": "2022-01-18T10:33:48.257Z",
    "end": "2022-01-18T10:38:52.619Z",
    "duration": 209051,
    "testsRegistered": 42,
    "passPercent": 100,
    "pendingPercent": 0,
    "other": 0,
    "hasOther": false,
    "skipped": 0,
    "hasSkipped": false
  },
  "results": [
    {
      "uuid": "96f10388-0878-484d-b646-12f08baf2d02",
      "title": "",
      "fullFile": "cypress/integration/automationteststore/alias-invoke-iterable-variable.js",
      "file": "cypress/integration/automationteststore/alias-invoke-iterable-variable.js",
      "beforeHooks": [],
      "afterHooks": [],
      "tests": [],
      "suites": [
        {
          "uuid": "38a26c5e-f005-43bd-8d39-0de998d73768",
          "title": "alias invoke iterable variable",
          "fullFile": "",
          "file": "",
          "beforeHooks": [],
          "afterHooks": [],
          "tests": [
            {
              "title": "menjumlahkan sale item dan non diskon",
              "fullTitle": "alias invoke iterable variable menjumlahkan sale item dan non diskon",
              "timedOut": null,
              "duration": 7464,
              "state": "passed",
              "speed": "slow",
              "pass": true,
              "fail": false,
              "pending": false,
              "context": null,
              "code": "cy.visit('https://www.automationteststore.com/');\ncy.get('.thumbnail').find('.oneprice').invoke('text').as('normalPrices');\ncy.get('.price').find('.pricenew').invoke('text').as('discountPrice');\nvar totalNormalPrice = 0;\nvar totalDiscountPrice = 0;\nvar totals = 0;\ncy.get('@normalPrices').then(function (itemsPrice) {\n  var price = itemsPrice.split('$');\n  var totalPrices = 0;\n  for (var i = 0; i < price.length; i++) {\n    cy.log(price[i]);\n    totalPrices += Number(price[i]);\n  }\n  cy.log(totalPrices.toFixed(2));\n  totalNormalPrice = +totalPrices;\n}).then(function () {\n  cy.get('@discountPrice').then(function (itemsPrice) {\n    var price = itemsPrice.split('$');\n    var totalPrices = 0;\n    for (var i = 0; i < price.length; i++) {\n      cy.log(price[i]);\n      totalPrices += Number(price[i]);\n    }\n    cy.log(totalPrices.toFixed(2));\n    totalDiscountPrice = +totalPrices;\n    cy.log(totalDiscountPrice);\n    cy.log(totalNormalPrice);\n  });\n}).then(function () {\n  totals = totalDiscountPrice + totalNormalPrice;\n  expect(totals).eq(totalNormalPrice + totalDiscountPrice);\n});",
              "err": {},
              "uuid": "33388d5f-2f57-4d5c-8e9f-6fbce4f2cf6b",
              "parentUUID": "38a26c5e-f005-43bd-8d39-0de998d73768",
              "isHook": false,
              "skipped": false
            }
          ],
          "suites": [],
          "passes": [
            "33388d5f-2f57-4d5c-8e9f-6fbce4f2cf6b"
          ],
          "failures": [],
          "pending": [],
          "skipped": [],
          "duration": 7464,
          "root": false,
          "rootEmpty": false,
          "_timeout": 2000
        }
      ],
      "passes": [],
      "failures": [],
      "pending": [],
      "skipped": [],
      "duration": 0,
      "root": true,
      "rootEmpty": true,
      "_timeout": 2000
    },
    {
      "uuid": "ccd39a6f-3fc4-4155-bf1e-41a5f3a1039f",
      "title": "",
      "fullFile": "cypress/integration/automationteststore/alias-invoke.js",
      "file": "cypress/integration/automationteststore/alias-invoke.js",
      "beforeHooks": [],
      "afterHooks": [],
      "tests": [],
      "suites": [
        {
          "uuid": "fe29d03b-f4d5-462b-a2c2-ee464b930908",
          "title": "Alias dan invoke",
          "fullFile": "",
          "file": "",
          "beforeHooks": [],
          "afterHooks": [],
          "tests": [
            {
              "title": "validasi nama product",
              "fullTitle": "Alias dan invoke validasi nama product",
              "timedOut": null,
              "duration": 10154,
              "state": "passed",
              "speed": "slow",
              "pass": true,
              "fail": false,
              "pending": false,
              "context": null,
              "code": "cy.visit('https://www.automationteststore.com/');\ncy.get(\"a[href*='product/category&path=']\").contains('Hair Care').click();\ncy.get(\".fixed_wrapper .prdocutname\").eq(0).invoke('text').as('namaProduct');\ncy.get('@namaProduct').its('length').should('be.greaterThan', 10);\ncy.get('@namaProduct').should('include', 'Seaweed Conditioner');",
              "err": {},
              "uuid": "1f81f7d3-60f9-47e6-a3e3-84a275574511",
              "parentUUID": "fe29d03b-f4d5-462b-a2c2-ee464b930908",
              "isHook": false,
              "skipped": false
            },
            {
              "title": "validasi total item berdasarkan div thumbnail",
              "fullTitle": "Alias dan invoke validasi total item berdasarkan div thumbnail",
              "timedOut": null,
              "duration": 6403,
              "state": "passed",
              "speed": "slow",
              "pass": true,
              "fail": false,
              "pending": false,
              "context": null,
              "code": "cy.visit('https://www.automationteststore.com/');\ncy.get('.thumbnail').as('total');\ncy.get('@total').should('have.length', 16);\ncy.get('@total').find('.productcart').invoke('attr', 'title').should('include', 'Add to Cart'); //.invoke('attr','title').should('contain','Add to Cart')",
              "err": {},
              "uuid": "67ae370f-9941-4de1-bbe3-0b5298bae80f",
              "parentUUID": "fe29d03b-f4d5-462b-a2c2-ee464b930908",
              "isHook": false,
              "skipped": false
            }
          ],
          "suites": [],
          "passes": [
            "1f81f7d3-60f9-47e6-a3e3-84a275574511",
            "67ae370f-9941-4de1-bbe3-0b5298bae80f"
          ],
          "failures": [],
          "pending": [],
          "skipped": [],
          "duration": 16557,
          "root": false,
          "rootEmpty": false,
          "_timeout": 2000
        }
      ],
      "passes": [],
      "failures": [],
      "pending": [],
      "skipped": [],
      "duration": 0,
      "root": true,
      "rootEmpty": true,
      "_timeout": 2000
    },
    {
      "uuid": "d7b58a4d-4874-4ffb-a58c-ef83d4c33f64",
      "title": "",
      "fullFile": "cypress/integration/automationteststore/contact-us.js",
      "file": "cypress/integration/automationteststore/contact-us.js",
      "beforeHooks": [],
      "afterHooks": [],
      "tests": [],
      "suites": [
        {
          "uuid": "699b66e9-423d-4e8b-b48d-e785df6bd446",
          "title": "Test Contacts Us from website",
          "fullFile": "",
          "file": "",
          "beforeHooks": [],
          "afterHooks": [],
          "tests": [
            {
              "title": "Text yang disimpan harus berhasil",
              "fullTitle": "Test Contacts Us from website Text yang disimpan harus berhasil",
              "timedOut": null,
              "duration": 13737,
              "state": "passed",
              "speed": "slow",
              "pass": true,
              "fail": false,
              "pending": false,
              "context": null,
              "code": "cy.visit('https://www.automationteststore.com/'); //cy.get('.info_links_footer > :nth-child(5) > a').click()\n/**\n * menggunakan promises return element ang di ambil dan di print\n */\ncy.get('a[href=\"https://automationteststore.com/index.php?rt=content/contact\"]').click().then(function (urlLink) {\n  console.log(urlLink.text());\n});\ncy.get('#ContactUsFrm_first_name').type('Ega Septian');\ncy.get('#ContactUsFrm_email').type('egaseptian@gmail.com');\ncy.get('#ContactUsFrm_email').should('have.attr', 'name', 'email');\ncy.get('#ContactUsFrm_enquiry').type('do you have any discount to me?');\ncy.xpath(\"//button[@title='Submit']\").contains('Submit').click(); //cy.xpath(\"//p[contains(text(),'Your enquiry has been successfully sent to the store owner!')]\");\ncy.get('.mb40 > :nth-child(3)').should('have.text', 'Your enquiry has been successfully sent to the store owner!');",
              "err": {},
              "uuid": "335421b5-6c0d-4fd3-9c8e-a417c6467cc2",
              "parentUUID": "699b66e9-423d-4e8b-b48d-e785df6bd446",
              "isHook": false,
              "skipped": false
            }
          ],
          "suites": [],
          "passes": [
            "335421b5-6c0d-4fd3-9c8e-a417c6467cc2"
          ],
          "failures": [],
          "pending": [],
          "skipped": [],
          "duration": 13737,
          "root": false,
          "rootEmpty": false,
          "_timeout": 2000
        }
      ],
      "passes": [],
      "failures": [],
      "pending": [],
      "skipped": [],
      "duration": 0,
      "root": true,
      "rootEmpty": true,
      "_timeout": 2000
    },
    {
      "uuid": "05100293-c270-4de9-8ad8-3ded61de0df0",
      "title": "",
      "fullFile": "cypress/integration/automationteststore/custom-commands.js",
      "file": "cypress/integration/automationteststore/custom-commands.js",
      "beforeHooks": [],
      "afterHooks": [],
      "tests": [],
      "suites": [
        {
          "uuid": "a26f00af-a1fb-432c-9233-b1e0d8b4851f",
          "title": "Iterate callback",
          "fullFile": "",
          "file": "",
          "beforeHooks": [],
          "afterHooks": [],
          "tests": [
            {
              "title": "Add product 1",
              "fullTitle": "Iterate callback Add product 1",
              "timedOut": null,
              "duration": 11329,
              "state": "passed",
              "speed": "slow",
              "pass": true,
              "fail": false,
              "pending": false,
              "context": null,
              "code": "cy.addProduct(\"Pantene Pro-V Conditioner, Classic Care\");",
              "err": {},
              "uuid": "ad98b331-f381-406f-8cc2-9e647b9ae94d",
              "parentUUID": "a26f00af-a1fb-432c-9233-b1e0d8b4851f",
              "isHook": false,
              "skipped": false
            },
            {
              "title": "add Product 2",
              "fullTitle": "Iterate callback add Product 2",
              "timedOut": null,
              "duration": 9732,
              "state": "passed",
              "speed": "slow",
              "pass": true,
              "fail": false,
              "pending": false,
              "context": null,
              "code": "cy.addProduct(\"Seaweed Conditioner\");",
              "err": {},
              "uuid": "1b5fc85c-4062-4e5b-916a-1ad30d0c9a6c",
              "parentUUID": "a26f00af-a1fb-432c-9233-b1e0d8b4851f",
              "isHook": false,
              "skipped": false
            }
          ],
          "suites": [],
          "passes": [
            "ad98b331-f381-406f-8cc2-9e647b9ae94d",
            "1b5fc85c-4062-4e5b-916a-1ad30d0c9a6c"
          ],
          "failures": [],
          "pending": [],
          "skipped": [],
          "duration": 21061,
          "root": false,
          "rootEmpty": false,
          "_timeout": 2000
        }
      ],
      "passes": [],
      "failures": [],
      "pending": [],
      "skipped": [],
      "duration": 0,
      "root": true,
      "rootEmpty": true,
      "_timeout": 2000
    },
    {
      "uuid": "40703ce9-2efb-48b5-97dd-433227d2d026",
      "title": "",
      "fullFile": "cypress/integration/automationteststore/inspect-item.js",
      "file": "cypress/integration/automationteststore/inspect-item.js",
      "beforeHooks": [],
      "afterHooks": [],
      "tests": [],
      "suites": [
        {
          "uuid": "2b76d61a-ceff-44ad-aac8-b1167e8c3d57",
          "title": "Inspect item menggunakan automation",
          "fullFile": "",
          "file": "",
          "beforeHooks": [],
          "afterHooks": [],
          "tests": [
            {
              "title": "inspect item menggunakan class",
              "fullTitle": "Inspect item menggunakan automation inspect item menggunakan class",
              "timedOut": null,
              "duration": 10821,
              "state": "passed",
              "speed": "slow",
              "pass": true,
              "fail": false,
              "pending": false,
              "context": null,
              "code": "cy.visit('https://www.automationteststore.com/');\ncy.get('.prdocutname').contains('Skinsheen Bronzer Stick').click().then(function (itemTitle) {\n  cy.log(itemTitle.text());\n});",
              "err": {},
              "uuid": "0388f09b-b955-48cc-9d69-329755c3b65b",
              "parentUUID": "2b76d61a-ceff-44ad-aac8-b1167e8c3d57",
              "isHook": false,
              "skipped": false
            }
          ],
          "suites": [],
          "passes": [
            "0388f09b-b955-48cc-9d69-329755c3b65b"
          ],
          "failures": [],
          "pending": [],
          "skipped": [],
          "duration": 10821,
          "root": false,
          "rootEmpty": false,
          "_timeout": 2000
        }
      ],
      "passes": [],
      "failures": [],
      "pending": [],
      "skipped": [],
      "duration": 0,
      "root": true,
      "rootEmpty": true,
      "_timeout": 2000
    },
    {
      "uuid": "2606236f-3407-4786-bfbc-7f8ab0d02af5",
      "title": "",
      "fullFile": "cypress/integration/automationteststore/iterate-element.js",
      "file": "cypress/integration/automationteststore/iterate-element.js",
      "beforeHooks": [],
      "afterHooks": [],
      "tests": [],
      "suites": [
        {
          "uuid": "ebead651-8ad7-4b9b-bbab-f808cf02e2be",
          "title": "Iterate callback",
          "fullFile": "",
          "file": "",
          "beforeHooks": [],
          "afterHooks": [],
          "tests": [
            {
              "title": "callback iterate item name",
              "fullTitle": "Iterate callback callback iterate item name",
              "timedOut": null,
              "duration": 9416,
              "state": "passed",
              "speed": "slow",
              "pass": true,
              "fail": false,
              "pending": false,
              "context": null,
              "code": "cy.visit('https://www.automationteststore.com/');\ncy.get(\"a[href*='product/category&path=']\").contains('Hair Care').click();\ncy.get('.fixed_wrapper .prdocutname').each(function ($el, index, $list) {\n  cy.log('item ke- ' + (index + 1) + ' adalah ' + $el.text());\n});",
              "err": {},
              "uuid": "c7f7c65a-05ae-4cf7-812f-b4fadb4f9524",
              "parentUUID": "ebead651-8ad7-4b9b-bbab-f808cf02e2be",
              "isHook": false,
              "skipped": false
            }
          ],
          "suites": [],
          "passes": [
            "c7f7c65a-05ae-4cf7-812f-b4fadb4f9524"
          ],
          "failures": [],
          "pending": [],
          "skipped": [],
          "duration": 9416,
          "root": false,
          "rootEmpty": false,
          "_timeout": 2000
        }
      ],
      "passes": [],
      "failures": [],
      "pending": [],
      "skipped": [],
      "duration": 0,
      "root": true,
      "rootEmpty": true,
      "_timeout": 2000
    },
    {
      "uuid": "2253eec4-f771-4cff-91ac-c5cf2acdb049",
      "title": "",
      "fullFile": "cypress/integration/automationteststore/variable-cycommand.js",
      "file": "cypress/integration/automationteststore/variable-cycommand.js",
      "beforeHooks": [],
      "afterHooks": [],
      "tests": [],
      "suites": [
        {
          "uuid": "34721127-7ba8-46f1-be66-037dba2907eb",
          "title": "Menggunakan variabel dan jquery",
          "fullFile": "",
          "file": "",
          "beforeHooks": [],
          "afterHooks": [],
          "tests": [
            {
              "title": "Validasi properti contact us page",
              "fullTitle": "Menggunakan variabel dan jquery Validasi properti contact us page",
              "timedOut": null,
              "duration": 4154,
              "state": "passed",
              "speed": "slow",
              "pass": true,
              "fail": false,
              "pending": false,
              "context": null,
              "code": "cy.visit('https://automationteststore.com/index.php?rt=content/contact'); //menggunakan cypress command\ncy.contains('#ContactUsFrm', 'Contact Us Form').find('#field_11').should('contain', 'First name'); //menggunakan JQuery\ncy.contains('#ContactUsFrm', 'Contact Us Form').then(function (text) {\n  var firstNameText = text.find('#field_11').text();\n  expect(firstNameText).to.contain('First name');\n  cy.get('#field_11').then(function (textFirstName) {\n    cy.log(textFirstName.text());\n  });\n});",
              "err": {},
              "uuid": "66ec29c3-f950-4920-85a9-022d5a4b13f5",
              "parentUUID": "34721127-7ba8-46f1-be66-037dba2907eb",
              "isHook": false,
              "skipped": false
            }
          ],
          "suites": [],
          "passes": [
            "66ec29c3-f950-4920-85a9-022d5a4b13f5"
          ],
          "failures": [],
          "pending": [],
          "skipped": [],
          "duration": 4154,
          "root": false,
          "rootEmpty": false,
          "_timeout": 2000
        }
      ],
      "passes": [],
      "failures": [],
      "pending": [],
      "skipped": [],
      "duration": 0,
      "root": true,
      "rootEmpty": true,
      "_timeout": 2000
    },
    {
      "uuid": "2f731ae6-b991-48ec-a625-a522365fc872",
      "title": "",
      "fullFile": "cypress/integration/other/same-origin-policy.js",
      "file": "cypress/integration/other/same-origin-policy.js",
      "beforeHooks": [],
      "afterHooks": [],
      "tests": [],
      "suites": [
        {
          "uuid": "6cc91e39-8b68-4a39-8e8c-41438690eeec",
          "title": "Open page di web yang sama",
          "fullFile": "",
          "file": "",
          "beforeHooks": [],
          "afterHooks": [],
          "tests": [
            {
              "title": "link ke web yang beda pakai chrome security disable",
              "fullTitle": "Open page di web yang sama link ke web yang beda pakai chrome security disable",
              "timedOut": null,
              "duration": 2710,
              "state": "passed",
              "speed": "slow",
              "pass": true,
              "fail": false,
              "pending": false,
              "context": null,
              "code": "cy.visit('http://www.webdriveruniversity.com/');\ncy.get('#automation-test-store').invoke('removeAttr', 'target').click();",
              "err": {},
              "uuid": "fe2a628a-3707-4732-a008-f5da05c6dc5a",
              "parentUUID": "6cc91e39-8b68-4a39-8e8c-41438690eeec",
              "isHook": false,
              "skipped": false
            }
          ],
          "suites": [],
          "passes": [
            "fe2a628a-3707-4732-a008-f5da05c6dc5a"
          ],
          "failures": [],
          "pending": [],
          "skipped": [],
          "duration": 2710,
          "root": false,
          "rootEmpty": false,
          "_timeout": 2000
        }
      ],
      "passes": [],
      "failures": [],
      "pending": [],
      "skipped": [],
      "duration": 0,
      "root": true,
      "rootEmpty": true,
      "_timeout": 2000
    },
    {
      "uuid": "33b12f9c-e662-4b11-8d1f-fd77f03ee6d0",
      "title": "",
      "fullFile": "cypress/integration/webdriveruniversity/autocomplete-textfield-list.js",
      "file": "cypress/integration/webdriveruniversity/autocomplete-textfield-list.js",
      "beforeHooks": [],
      "afterHooks": [],
      "tests": [],
      "suites": [
        {
          "uuid": "a5c76a06-ec51-4511-b509-44d83ec9faa1",
          "title": "Automation textfield and select list item",
          "fullFile": "",
          "file": "",
          "beforeHooks": [],
          "afterHooks": [],
          "tests": [
            {
              "title": "type item and select item validation",
              "fullTitle": "Automation textfield and select list item type item and select item validation",
              "timedOut": null,
              "duration": 3198,
              "state": "passed",
              "speed": "slow",
              "pass": true,
              "fail": false,
              "pending": false,
              "context": null,
              "code": "cy.visit('http://www.webdriveruniversity.com/');\ncy.get('#autocomplete-textfield').invoke('removeAttr', 'target').click({\n  force: true\n}); //get textfield dan type\ncy.get('#myInput').type('W');\ncy.get('#myInputautocomplete-list > *').each(function ($el, index, $list) {\n  var productList = $el.text();\n  var productPick = 'Wine';\n  if (productList === productPick) {\n    $el.trigger('click');\n    cy.get('#submit-button').click();\n    cy.url().should('contain', productPick);\n  }\n});",
              "err": {},
              "uuid": "19e3b4a6-dbfb-43ce-8c95-5763cbbe32c9",
              "parentUUID": "a5c76a06-ec51-4511-b509-44d83ec9faa1",
              "isHook": false,
              "skipped": false
            }
          ],
          "suites": [],
          "passes": [
            "19e3b4a6-dbfb-43ce-8c95-5763cbbe32c9"
          ],
          "failures": [],
          "pending": [],
          "skipped": [],
          "duration": 3198,
          "root": false,
          "rootEmpty": false,
          "_timeout": 2000
        }
      ],
      "passes": [],
      "failures": [],
      "pending": [],
      "skipped": [],
      "duration": 0,
      "root": true,
      "rootEmpty": true,
      "_timeout": 2000
    },
    {
      "uuid": "857c5cd3-e894-4dd2-90b3-3c34bb59bd4b",
      "title": "",
      "fullFile": "cypress/integration/webdriveruniversity/checkbox.js",
      "file": "cypress/integration/webdriveruniversity/checkbox.js",
      "beforeHooks": [],
      "afterHooks": [],
      "tests": [],
      "suites": [
        {
          "uuid": "67d72692-4fab-4f19-a0d1-32f634337c11",
          "title": "Automation checkbox & validate",
          "fullFile": "",
          "file": "",
          "beforeHooks": [],
          "afterHooks": [],
          "tests": [
            {
              "title": "Check checkbox and validate",
              "fullTitle": "Automation checkbox & validate Check checkbox and validate",
              "timedOut": null,
              "duration": 3421,
              "state": "passed",
              "speed": "slow",
              "pass": true,
              "fail": false,
              "pending": false,
              "context": null,
              "code": "cy.get(\"input[value='option-3']\").uncheck(); //Melakukan auto checkbox value option-1\ncy.get(\"[type='checkbox']\").check('option-1'); //Melakukan validasi checkbox yang dicheck\ncy.get(\"[type='checkbox']\").check('option-1').should('be.checked'); //Melakukan validasi checkbox yang tidak dicheck menggunakan x-path\ncy.xpath(\"//input[@value='option-2']\").should('not.be.checked');\ncy.get(\"input[value='option-2']\").check(); //uncheck semua checkbox\ncy.get(':checkbox').uncheck();",
              "err": {},
              "uuid": "29235df8-72c1-46c3-a645-24d2e49b6620",
              "parentUUID": "67d72692-4fab-4f19-a0d1-32f634337c11",
              "isHook": false,
              "skipped": false
            },
            {
              "title": "Check all, uncheck all, check option(1,2,3), uncheck option(1,2,3)",
              "fullTitle": "Automation checkbox & validate Check all, uncheck all, check option(1,2,3), uncheck option(1,2,3)",
              "timedOut": null,
              "duration": 3183,
              "state": "passed",
              "speed": "slow",
              "pass": true,
              "fail": false,
              "pending": false,
              "context": null,
              "code": "//check all\ncy.get(\":input[type='checkbox']\").check().should('be.checked'); //uncheck all\ncy.get(\":input[type='checkbox']\").uncheck().should('not.be.checked'); //check option (1,2,3)\ncy.get(\"input[type='checkbox']\").check(['option-1', 'option-2', 'option-3']).should('be.checked'); //uncheck option (1,2,3)\ncy.get(\"input[type='checkbox']\").uncheck(['option-1', 'option-2', 'option-3']).should('not.be.checked');",
              "err": {},
              "uuid": "c093df20-ca99-4b02-b36a-687ee9cde35f",
              "parentUUID": "67d72692-4fab-4f19-a0d1-32f634337c11",
              "isHook": false,
              "skipped": false
            }
          ],
          "suites": [],
          "passes": [
            "29235df8-72c1-46c3-a645-24d2e49b6620",
            "c093df20-ca99-4b02-b36a-687ee9cde35f"
          ],
          "failures": [],
          "pending": [],
          "skipped": [],
          "duration": 6604,
          "root": false,
          "rootEmpty": false,
          "_timeout": 2000
        }
      ],
      "passes": [],
      "failures": [],
      "pending": [],
      "skipped": [],
      "duration": 0,
      "root": true,
      "rootEmpty": true,
      "_timeout": 2000
    },
    {
      "uuid": "3d4d8e7c-a836-4630-ab50-01bdb0d97840",
      "title": "",
      "fullFile": "cypress/integration/webdriveruniversity/contact-us-with-model.js",
      "file": "cypress/integration/webdriveruniversity/contact-us-with-model.js",
      "beforeHooks": [],
      "afterHooks": [],
      "tests": [],
      "suites": [
        {
          "uuid": "7edbcbf5-a7ef-44ef-8b59-cc85274d2597",
          "title": "visit menggunakan base url & isi menggunakan global variabel",
          "fullFile": "",
          "file": "",
          "beforeHooks": [],
          "afterHooks": [],
          "tests": [
            {
              "title": "submit contact-us",
              "fullTitle": "visit menggunakan base url & isi menggunakan global variabel submit contact-us",
              "timedOut": null,
              "duration": 8954,
              "state": "passed",
              "speed": "slow",
              "pass": true,
              "fail": false,
              "pending": false,
              "context": null,
              "code": "cy.document().should('have.property', 'charset').and('eq', 'UTF-8');\ncy.title().should('include', 'WebDriver | Contact Us');\ncy.url().should('include', '/contactus.html');\ncontactUsForm.contactUsFillPass(data.firstName, data.lastName, data.email, data.comments, 'h1', 'Thank You for your Message!');",
              "err": {},
              "uuid": "75bb4719-be66-49a2-beda-2d60141187b3",
              "parentUUID": "7edbcbf5-a7ef-44ef-8b59-cc85274d2597",
              "isHook": false,
              "skipped": false
            },
            {
              "title": "Empty Email address",
              "fullTitle": "visit menggunakan base url & isi menggunakan global variabel Empty Email address",
              "timedOut": null,
              "duration": 3161,
              "state": "passed",
              "speed": "slow",
              "pass": true,
              "fail": false,
              "pending": false,
              "context": null,
              "code": "contactUsForm.contactUsFillPass(data.firstName, data.lastName, ' ', data.comments, 'body', 'Error: Invalid email address');",
              "err": {},
              "uuid": "7f1fea78-846d-46c9-82ee-657a42ded3fb",
              "parentUUID": "7edbcbf5-a7ef-44ef-8b59-cc85274d2597",
              "isHook": false,
              "skipped": false
            },
            {
              "title": "Empty Fill",
              "fullTitle": "visit menggunakan base url & isi menggunakan global variabel Empty Fill",
              "timedOut": null,
              "duration": 1524,
              "state": "passed",
              "speed": "slow",
              "pass": true,
              "fail": false,
              "pending": false,
              "context": null,
              "code": "contactUsForm.contactUsFillEmpty('body', 'Error: all fields are required', 'Error: Invalid email address');",
              "err": {},
              "uuid": "83bd2bdc-1b0e-4836-bc67-4fc0875929cf",
              "parentUUID": "7edbcbf5-a7ef-44ef-8b59-cc85274d2597",
              "isHook": false,
              "skipped": false
            }
          ],
          "suites": [],
          "passes": [
            "75bb4719-be66-49a2-beda-2d60141187b3",
            "7f1fea78-846d-46c9-82ee-657a42ded3fb",
            "83bd2bdc-1b0e-4836-bc67-4fc0875929cf"
          ],
          "failures": [],
          "pending": [],
          "skipped": [],
          "duration": 13639,
          "root": false,
          "rootEmpty": false,
          "_timeout": 2000
        }
      ],
      "passes": [],
      "failures": [],
      "pending": [],
      "skipped": [],
      "duration": 0,
      "root": true,
      "rootEmpty": true,
      "_timeout": 2000
    },
    {
      "uuid": "3860e745-fa5f-4e3c-949a-68d0049fcf7b",
      "title": "",
      "fullFile": "cypress/integration/webdriveruniversity/contact-us.js",
      "file": "cypress/integration/webdriveruniversity/contact-us.js",
      "beforeHooks": [],
      "afterHooks": [],
      "tests": [],
      "suites": [
        {
          "uuid": "d3192f42-232f-4618-b7c3-ae9851cafd44",
          "title": "Test Contacts Us from website",
          "fullFile": "",
          "file": "",
          "beforeHooks": [],
          "afterHooks": [],
          "tests": [
            {
              "title": "Text yang disimpan harus berhasil",
              "fullTitle": "Test Contacts Us from website Text yang disimpan harus berhasil",
              "timedOut": null,
              "duration": 8374,
              "state": "passed",
              "speed": "slow",
              "pass": true,
              "fail": false,
              "pending": false,
              "context": null,
              "code": "cy.visit('http://www.webdriveruniversity.com');\ncy.get('#contact-us').invoke('removeAttr', 'target').click({\n  force: true\n});\ncy.document().should('have.property', 'charset').and('eq', 'UTF-8');\ncy.title().should('include', 'WebDriver | Contact Us');\ncy.url().should('include', '/contactus.html');\n/** Mengambil elemen contactus dan click newtab ke halaman form contact us,\n * karena cypress tidak bisa new tab maka visit link langsung mengarah ke form input link\n */\n//cy.get('#contact-us').click({force :true})\ncy.get('[name=\"first_name\"]').type('Ega');\ncy.get('[name=\"first_name\"]').should('have.attr', 'name', 'first_name');\ncy.get('[name=\"last_name\"]').type('Septian');\ncy.get('[name=\"last_name\"]').should('have.attr', 'name', 'last_name');\ncy.get('[name=\"email\"]').type('nenekseven@gmail.com');\ncy.get('[name=\"email\"]').should('have.attr', 'name', 'email');\ncy.get('textarea.feedback-input').type('Hello World');\ncy.get('textarea.feedback-input').should('have.attr', 'name', 'message');\ncy.get('[type=\"submit\"]').click();\ncy.get('h1').should('have.text', 'Thank You for your Message!');",
              "err": {},
              "uuid": "fdd79a7a-71ef-43a1-b82d-9d99ecc01713",
              "parentUUID": "d3192f42-232f-4618-b7c3-ae9851cafd44",
              "isHook": false,
              "skipped": false
            },
            {
              "title": "Text yang disimpan tidak berhasil",
              "fullTitle": "Test Contacts Us from website Text yang disimpan tidak berhasil",
              "timedOut": null,
              "duration": 1663,
              "state": "passed",
              "speed": "slow",
              "pass": true,
              "fail": false,
              "pending": false,
              "context": null,
              "code": "cy.visit('http://www.webdriveruniversity.com/Contact-Us/contactus.html');\ncy.get('[name=\"first_name\"]').type('ega');\ncy.get('[name=\"last_name\"]').type('septian'); //cy.get('[name=\"email\"]').type('nenekseven@gmail.com')\ncy.get('textarea.feedback-input').type('Hello World');\ncy.get('[type=\"submit\"]').click();\n/**Cara pertama bisa pake should dan disambung and */\n//cy.get('body').should('contain','Error: all fields are required').and('contain','Error: Invalid email address')\n/**Cara Kedua bisa pake function dari value list */\nvar returnSubmit = ['Error: all fields are required', 'Error: Invalid email address'];\nreturnSubmit.forEach(function (value) {\n  cy.get('body').should('contain', value);\n});",
              "err": {},
              "uuid": "82735563-4074-4ae6-8519-050327d6151a",
              "parentUUID": "d3192f42-232f-4618-b7c3-ae9851cafd44",
              "isHook": false,
              "skipped": false
            }
          ],
          "suites": [],
          "passes": [
            "fdd79a7a-71ef-43a1-b82d-9d99ecc01713",
            "82735563-4074-4ae6-8519-050327d6151a"
          ],
          "failures": [],
          "pending": [],
          "skipped": [],
          "duration": 10037,
          "root": false,
          "rootEmpty": false,
          "_timeout": 2000
        }
      ],
      "passes": [],
      "failures": [],
      "pending": [],
      "skipped": [],
      "duration": 0,
      "root": true,
      "rootEmpty": true,
      "_timeout": 2000
    },
    {
      "uuid": "ab5070f3-8945-4b13-9b84-e3488ae26176",
      "title": "",
      "fullFile": "cypress/integration/webdriveruniversity/custom-commands.js",
      "file": "cypress/integration/webdriveruniversity/custom-commands.js",
      "beforeHooks": [],
      "afterHooks": [],
      "tests": [],
      "suites": [
        {
          "uuid": "f10f0b3f-6b0c-41e3-aaa8-ebe5802f668c",
          "title": "Input textfield and validation",
          "fullFile": "",
          "file": "",
          "beforeHooks": [],
          "afterHooks": [],
          "tests": [
            {
              "title": "Text yang disimpan gagal email tidak diisi",
              "fullTitle": "Input textfield and validation Text yang disimpan gagal email tidak diisi",
              "timedOut": null,
              "duration": 4494,
              "state": "passed",
              "speed": "slow",
              "pass": true,
              "fail": false,
              "pending": false,
              "context": null,
              "code": "cy.contactUsInput({\n  firstName: data.firstName,\n  lastName: data.lastName,\n  email: ' ',\n  comment: data.comments,\n  $locator: 'body',\n  assertionText: 'Error: Invalid email address'\n});",
              "err": {},
              "uuid": "e2300942-25ad-464b-b608-bbf6f7c033bd",
              "parentUUID": "f10f0b3f-6b0c-41e3-aaa8-ebe5802f668c",
              "isHook": false,
              "skipped": false
            }
          ],
          "suites": [],
          "passes": [
            "e2300942-25ad-464b-b608-bbf6f7c033bd"
          ],
          "failures": [],
          "pending": [],
          "skipped": [],
          "duration": 4494,
          "root": false,
          "rootEmpty": false,
          "_timeout": 2000
        }
      ],
      "passes": [],
      "failures": [],
      "pending": [],
      "skipped": [],
      "duration": 0,
      "root": true,
      "rootEmpty": true,
      "_timeout": 2000
    },
    {
      "uuid": "2bd32df2-a6db-4e14-84bf-b84cb14abee1",
      "title": "",
      "fullFile": "cypress/integration/webdriveruniversity/data-tables.js",
      "file": "cypress/integration/webdriveruniversity/data-tables.js",
      "beforeHooks": [],
      "afterHooks": [],
      "tests": [],
      "suites": [
        {
          "uuid": "12d56627-9617-4dd1-a173-6d90b9f66807",
          "title": "Handling data webdriveruni",
          "fullFile": "",
          "file": "",
          "beforeHooks": [],
          "afterHooks": [],
          "tests": [
            {
              "title": "Calculate & assert based on name",
              "fullTitle": "Handling data webdriveruni Calculate & assert based on name",
              "timedOut": null,
              "duration": 3090,
              "state": "passed",
              "speed": "slow",
              "pass": true,
              "fail": false,
              "pending": false,
              "context": null,
              "code": "cy.get('#thumbnail-1 tr td:nth-child(2)').each(function (data, index, list) {\n  var lastName = data.text();\n  if (lastName.includes('Woods')) {\n    cy.get('#thumbnail-1 tr td:nth-child(3)').eq(index).then(function (age) {\n      var ageData = age.text();\n      expect(ageData).to.eq('80');\n    });\n  }\n});",
              "err": {},
              "uuid": "dd956c82-2caf-4611-8e0a-bbd4ed9db61f",
              "parentUUID": "12d56627-9617-4dd1-a173-6d90b9f66807",
              "isHook": false,
              "skipped": false
            }
          ],
          "suites": [],
          "passes": [
            "dd956c82-2caf-4611-8e0a-bbd4ed9db61f"
          ],
          "failures": [],
          "pending": [],
          "skipped": [],
          "duration": 3090,
          "root": false,
          "rootEmpty": false,
          "_timeout": 2000
        }
      ],
      "passes": [],
      "failures": [],
      "pending": [],
      "skipped": [],
      "duration": 0,
      "root": true,
      "rootEmpty": true,
      "_timeout": 2000
    },
    {
      "uuid": "bbb6c368-43bf-4a0c-a294-f45886b37725",
      "title": "",
      "fullFile": "cypress/integration/webdriveruniversity/date-picker.js",
      "file": "cypress/integration/webdriveruniversity/date-picker.js",
      "beforeHooks": [],
      "afterHooks": [],
      "tests": [],
      "suites": [
        {
          "uuid": "2c8b6846-644a-4c92-8526-e572a6a19c9f",
          "title": "Handling datepicker webdriveruni",
          "fullFile": "",
          "file": "",
          "beforeHooks": [],
          "afterHooks": [],
          "tests": [
            {
              "title": "Pick from datepicker",
              "fullTitle": "Handling datepicker webdriveruni Pick from datepicker",
              "timedOut": null,
              "duration": 2945,
              "state": "passed",
              "speed": "slow",
              "pass": true,
              "fail": false,
              "pending": false,
              "context": null,
              "code": "cy.visit('http://www.webdriveruniversity.com/'); //scrollIntoView untuk mengarahkan view sesuai dengan scroll yang ditujunya.\ncy.get('#datepicker').scrollIntoView().invoke('removeAttr', 'target').click({\n  force: true\n});\ncy.get('#datepicker').click();\nvar date = new Date();\ndate.setDate(date.getDate() + 1);\nvar day = date.getDate();\nvar month = date.toLocaleString('default', {\n  month: 'long'\n});\nvar year = date.getFullYear();\ncy.log(day);\ncy.log(month);\ncy.log(year);\nfunction selectDay() {\n  cy.get('.day').contains(day).click();\n}\nfunction selectMonthAndYear() {\n  cy.get('.datepicker-switch').first().then(function (dateYears) {\n    var dateYear = dateYears.text();\n    if (!dateYear.includes(year)) {\n      cy.get('.next').first().click();\n    }\n  }).then(function () {\n    cy.get('.datepicker-switch').first().then(function (dateMonths) {\n      var dateMonth = dateMonths.text();\n      if (!dateMonth.includes(month)) {\n        cy.get('.next').first().click();\n        return selectMonthAndYear();\n      }\n    });\n  });\n}\nselectMonthAndYear();\nselectDay();",
              "err": {},
              "uuid": "a4d79f23-4fec-4370-be2a-795af39df24a",
              "parentUUID": "2c8b6846-644a-4c92-8526-e572a6a19c9f",
              "isHook": false,
              "skipped": false
            }
          ],
          "suites": [],
          "passes": [
            "a4d79f23-4fec-4370-be2a-795af39df24a"
          ],
          "failures": [],
          "pending": [],
          "skipped": [],
          "duration": 2945,
          "root": false,
          "rootEmpty": false,
          "_timeout": 2000
        }
      ],
      "passes": [],
      "failures": [],
      "pending": [],
      "skipped": [],
      "duration": 0,
      "root": true,
      "rootEmpty": true,
      "_timeout": 2000
    },
    {
      "uuid": "44ec7954-a37e-4165-904e-c9bcb38b110f",
      "title": "",
      "fullFile": "cypress/integration/webdriveruniversity/drop-down-list.js",
      "file": "cypress/integration/webdriveruniversity/drop-down-list.js",
      "beforeHooks": [],
      "afterHooks": [],
      "tests": [],
      "suites": [
        {
          "uuid": "929e524f-a4b7-4cbf-a3e8-db48009a2a41",
          "title": "Automation Checklist",
          "fullFile": "",
          "file": "",
          "beforeHooks": [],
          "afterHooks": [],
          "tests": [
            {
              "title": "Select checklist data dan validasi",
              "fullTitle": "Automation Checklist Select checklist data dan validasi",
              "timedOut": null,
              "duration": 3037,
              "state": "passed",
              "speed": "slow",
              "pass": true,
              "fail": false,
              "pending": false,
              "context": null,
              "code": "cy.visit('http://www.webdriveruniversity.com/');\ncy.get('#dropdown-checkboxes-radiobuttons').invoke('removeAttr', 'target').click({\n  force: true\n}); //select id dropdown list, select value dan validasi sesuai dengan text\ncy.get('#dropdowm-menu-1').select('python').should('contain.text', 'Python'); //select id dropdown list, select text dan validasi sesuai dengan value nya\ncy.get('#dropdowm-menu-2').select('Maven').should('have.value', 'maven');",
              "err": {},
              "uuid": "e997c253-637d-41c6-bd86-d154e8ba4b41",
              "parentUUID": "929e524f-a4b7-4cbf-a3e8-db48009a2a41",
              "isHook": false,
              "skipped": false
            }
          ],
          "suites": [],
          "passes": [
            "e997c253-637d-41c6-bd86-d154e8ba4b41"
          ],
          "failures": [],
          "pending": [],
          "skipped": [],
          "duration": 3037,
          "root": false,
          "rootEmpty": false,
          "_timeout": 2000
        }
      ],
      "passes": [],
      "failures": [],
      "pending": [],
      "skipped": [],
      "duration": 0,
      "root": true,
      "rootEmpty": true,
      "_timeout": 2000
    },
    {
      "uuid": "a83ed26f-ef18-4423-9004-68453e99029f",
      "title": "",
      "fullFile": "cypress/integration/webdriveruniversity/file-upload.js",
      "file": "cypress/integration/webdriveruniversity/file-upload.js",
      "beforeHooks": [],
      "afterHooks": [],
      "tests": [],
      "suites": [
        {
          "uuid": "bc94df9d-e188-44f6-893c-3e5a1b2f29c7",
          "title": "File upload handler",
          "fullFile": "",
          "file": "",
          "beforeHooks": [],
          "afterHooks": [],
          "tests": [
            {
              "title": "Upload file dan melakukan validate file telah di upload ",
              "fullTitle": "File upload handler Upload file dan melakukan validate file telah di upload ",
              "timedOut": null,
              "duration": 3192,
              "state": "passed",
              "speed": "slow",
              "pass": true,
              "fail": false,
              "pending": false,
              "context": null,
              "code": "cy.visit('http://www.webdriveruniversity.com/');\ncy.get('#file-upload').invoke('removeAttr', 'target').click({\n  force: true\n});\ncy.get('#myFile').attachFile('laptop.png', {\n  subjectType: 'input'\n});\ncy.get('#submit-button').click();\ncy.on('window:alert', function (text) {\n  expect(text).to.contains('Your file has now been uploaded!');\n});",
              "err": {},
              "uuid": "14120e8b-3f24-48ae-a861-9068f63d9801",
              "parentUUID": "bc94df9d-e188-44f6-893c-3e5a1b2f29c7",
              "isHook": false,
              "skipped": false
            },
            {
              "title": "Upload tanpa file dan melakukan validasi",
              "fullTitle": "File upload handler Upload tanpa file dan melakukan validasi",
              "timedOut": null,
              "duration": 1648,
              "state": "passed",
              "speed": "slow",
              "pass": true,
              "fail": false,
              "pending": false,
              "context": null,
              "code": "cy.visit('http://www.webdriveruniversity.com/');\ncy.get('#file-upload').invoke('removeAttr', 'target').click({\n  force: true\n});\ncy.get('#submit-button').click();\ncy.on('window:alert', function (text) {\n  expect(text).to.contains('You need to select a file to upload!');\n});",
              "err": {},
              "uuid": "3c715958-cae5-4f34-84e0-e6076bbc5cf0",
              "parentUUID": "bc94df9d-e188-44f6-893c-3e5a1b2f29c7",
              "isHook": false,
              "skipped": false
            }
          ],
          "suites": [],
          "passes": [
            "14120e8b-3f24-48ae-a861-9068f63d9801",
            "3c715958-cae5-4f34-84e0-e6076bbc5cf0"
          ],
          "failures": [],
          "pending": [],
          "skipped": [],
          "duration": 4840,
          "root": false,
          "rootEmpty": false,
          "_timeout": 2000
        }
      ],
      "passes": [],
      "failures": [],
      "pending": [],
      "skipped": [],
      "duration": 0,
      "root": true,
      "rootEmpty": true,
      "_timeout": 2000
    },
    {
      "uuid": "566c766e-09bf-48d5-8221-db5ecab4d441",
      "title": "",
      "fullFile": "cypress/integration/webdriveruniversity/fixture-and-commands.js",
      "file": "cypress/integration/webdriveruniversity/fixture-and-commands.js",
      "beforeHooks": [],
      "afterHooks": [],
      "tests": [],
      "suites": [
        {
          "uuid": "7ce6ef70-41ad-4dac-82cf-b98899f312fa",
          "title": "Menggunakan Fixture",
          "fullFile": "",
          "file": "",
          "beforeHooks": [],
          "afterHooks": [],
          "tests": [
            {
              "title": "Fixture menggunakan .this context ",
              "fullTitle": "Menggunakan Fixture Fixture menggunakan .this context ",
              "timedOut": null,
              "duration": 10509,
              "state": "passed",
              "speed": "slow",
              "pass": true,
              "fail": false,
              "pending": false,
              "context": null,
              "code": "cy.get('[name=\"first_name\"]').type(this.data.firstName);\ncy.get('[name=\"first_name\"]').should('have.attr', 'name', 'first_name');\ncy.get('[name=\"last_name\"]').type(this.data.lastName);\ncy.get('[name=\"last_name\"]').should('have.attr', 'name', 'last_name');\ncy.get('[name=\"email\"]').type(this.data.email);\ncy.get('[name=\"email\"]').should('have.attr', 'name', 'email');\ncy.get('textarea.feedback-input').type(this.data.comments);\ncy.get('textarea.feedback-input').should('have.attr', 'name', 'message');\ncy.get('[type=\"submit\"]').click();\ncy.get('h1').should('have.text', 'Thank You for your Message!');",
              "err": {},
              "uuid": "b1434a86-6357-4c9d-ba8b-fd2d88a558e7",
              "parentUUID": "7ce6ef70-41ad-4dac-82cf-b98899f312fa",
              "isHook": false,
              "skipped": false
            },
            {
              "title": "Fixture menggunakan global this context ",
              "fullTitle": "Menggunakan Fixture Fixture menggunakan global this context ",
              "timedOut": null,
              "duration": 5600,
              "state": "passed",
              "speed": "slow",
              "pass": true,
              "fail": false,
              "pending": false,
              "context": null,
              "code": "cy.get('[name=\"first_name\"]').type(data.firstName);\ncy.get('[name=\"first_name\"]').should('have.attr', 'name', 'first_name');\ncy.get('[name=\"last_name\"]').type(data.lastName);\ncy.get('[name=\"last_name\"]').should('have.attr', 'name', 'last_name');\ncy.get('[name=\"email\"]').type(data.email);\ncy.get('[name=\"email\"]').should('have.attr', 'name', 'email');\ncy.get('textarea.feedback-input').type(data.comments);\ncy.get('textarea.feedback-input').should('have.attr', 'name', 'message');\ncy.get('[type=\"submit\"]').click();\ncy.get('h1').should('have.text', 'Thank You for your Message!');",
              "err": {},
              "uuid": "7fa8065a-1f66-4846-95f7-9d697d80a724",
              "parentUUID": "7ce6ef70-41ad-4dac-82cf-b98899f312fa",
              "isHook": false,
              "skipped": false
            },
            {
              "title": "Fixture menggunakan variable ",
              "fullTitle": "Menggunakan Fixture Fixture menggunakan variable ",
              "timedOut": null,
              "duration": 4996,
              "state": "passed",
              "speed": "slow",
              "pass": true,
              "fail": false,
              "pending": false,
              "context": null,
              "code": "cy.get('@userData').then(function (data) {\n  cy.get('[name=\"first_name\"]').type(data.firstName);\n  cy.get('[name=\"last_name\"]').type(data.lastName);\n  cy.get('[name=\"email\"]').type(data.email);\n  cy.get('textarea.feedback-input').type(data.comments);\n});\ncy.get('[name=\"first_name\"]').should('have.attr', 'name', 'first_name');\ncy.get('[name=\"last_name\"]').should('have.attr', 'name', 'last_name');\ncy.get('[name=\"email\"]').should('have.attr', 'name', 'email');\ncy.get('textarea.feedback-input').should('have.attr', 'name', 'message');\ncy.get('[type=\"submit\"]').click();\ncy.get('h1').should('have.text', 'Thank You for your Message!');",
              "err": {},
              "uuid": "417b43d0-c457-49ed-a68e-366a20a01c7f",
              "parentUUID": "7ce6ef70-41ad-4dac-82cf-b98899f312fa",
              "isHook": false,
              "skipped": false
            }
          ],
          "suites": [],
          "passes": [
            "b1434a86-6357-4c9d-ba8b-fd2d88a558e7",
            "7fa8065a-1f66-4846-95f7-9d697d80a724",
            "417b43d0-c457-49ed-a68e-366a20a01c7f"
          ],
          "failures": [],
          "pending": [],
          "skipped": [],
          "duration": 21105,
          "root": false,
          "rootEmpty": false,
          "_timeout": 2000
        }
      ],
      "passes": [],
      "failures": [],
      "pending": [],
      "skipped": [],
      "duration": 0,
      "root": true,
      "rootEmpty": true,
      "_timeout": 2000
    },
    {
      "uuid": "5eb6c81a-8f9b-497a-8148-2afc96345169",
      "title": "",
      "fullFile": "cypress/integration/webdriveruniversity/global-variable-base-url.js",
      "file": "cypress/integration/webdriveruniversity/global-variable-base-url.js",
      "beforeHooks": [],
      "afterHooks": [],
      "tests": [],
      "suites": [
        {
          "uuid": "8031d001-f6a8-47f2-9e6c-844558fff2f9",
          "title": "visit menggunakan base url & isi menggunakan global variabel",
          "fullFile": "",
          "file": "",
          "beforeHooks": [],
          "afterHooks": [],
          "tests": [
            {
              "title": "submit contact-us",
              "fullTitle": "visit menggunakan base url & isi menggunakan global variabel submit contact-us",
              "timedOut": null,
              "duration": 7388,
              "state": "passed",
              "speed": "slow",
              "pass": true,
              "fail": false,
              "pending": false,
              "context": null,
              "code": "cy.visit('/');\ncy.get('#contact-us').invoke('removeAttr', 'target').click({\n  force: true\n});\ncy.document().should('have.property', 'charset').and('eq', 'UTF-8');\ncy.title().should('include', 'WebDriver | Contact Us');\ncy.url().should('include', '/contactus.html');\ncy.get('[name=\"first_name\"]').type(Cypress.env('firstName'));\ncy.get('[name=\"first_name\"]').should('have.attr', 'name', 'first_name');\ncy.get('[name=\"last_name\"]').type(Cypress.env('lastName'));\ncy.get('[name=\"last_name\"]').should('have.attr', 'name', 'last_name');\ncy.get('[name=\"email\"]').type(Cypress.env('email'));\ncy.get('[name=\"email\"]').should('have.attr', 'name', 'email');\ncy.get('textarea.feedback-input').type(Cypress.env('comment'));\ncy.get('textarea.feedback-input').should('have.attr', 'name', 'message');\ncy.get('[type=\"submit\"]').click();\ncy.get('h1').should('have.text', 'Thank You for your Message!');",
              "err": {},
              "uuid": "5f1bf9cd-97d1-472a-b268-52bbe905891c",
              "parentUUID": "8031d001-f6a8-47f2-9e6c-844558fff2f9",
              "isHook": false,
              "skipped": false
            }
          ],
          "suites": [],
          "passes": [
            "5f1bf9cd-97d1-472a-b268-52bbe905891c"
          ],
          "failures": [],
          "pending": [],
          "skipped": [],
          "duration": 7388,
          "root": false,
          "rootEmpty": false,
          "_timeout": 2000
        }
      ],
      "passes": [],
      "failures": [],
      "pending": [],
      "skipped": [],
      "duration": 0,
      "root": true,
      "rootEmpty": true,
      "_timeout": 2000
    },
    {
      "uuid": "87b57ab3-ddfc-436f-af78-83bb65fa9d27",
      "title": "",
      "fullFile": "cypress/integration/webdriveruniversity/handling-allert.js",
      "file": "cypress/integration/webdriveruniversity/handling-allert.js",
      "beforeHooks": [],
      "afterHooks": [],
      "tests": [],
      "suites": [
        {
          "uuid": "1ee020e2-d1e1-45df-9135-d411bd33c634",
          "title": "Validasi allert",
          "fullFile": "",
          "file": "",
          "beforeHooks": [],
          "afterHooks": [],
          "tests": [
            {
              "title": "handle allert dan return text",
              "fullTitle": "Validasi allert handle allert dan return text",
              "timedOut": null,
              "duration": 2648,
              "state": "passed",
              "speed": "slow",
              "pass": true,
              "fail": false,
              "pending": false,
              "context": null,
              "code": "cy.visit('http://www.webdriveruniversity.com/');\ncy.get('#popup-alerts').invoke('removeAttr', 'target').click({\n  force: true\n});\ncy.get('#button1').click();\ncy.on('window:alert', function (str) {\n  expect(str).to.eq('I am an alert box!');\n});",
              "err": {},
              "uuid": "931090c9-89e0-4bf6-bcf9-fc44125650a3",
              "parentUUID": "1ee020e2-d1e1-45df-9135-d411bd33c634",
              "isHook": false,
              "skipped": false
            },
            {
              "title": "Handle confirm allert text press OK",
              "fullTitle": "Validasi allert Handle confirm allert text press OK",
              "timedOut": null,
              "duration": 2059,
              "state": "passed",
              "speed": "slow",
              "pass": true,
              "fail": false,
              "pending": false,
              "context": null,
              "code": "cy.visit('http://www.webdriveruniversity.com/');\ncy.get('#popup-alerts').invoke('removeAttr', 'target').click({\n  force: true\n});\ncy.get('#button4').click();\ncy.on('window:confirm', function (str) {\n  return true;\n});\ncy.get('#confirm-alert-text').contains('You pressed OK!');",
              "err": {},
              "uuid": "0af6a486-f85c-4efa-a20e-ca0d12e255ef",
              "parentUUID": "1ee020e2-d1e1-45df-9135-d411bd33c634",
              "isHook": false,
              "skipped": false
            },
            {
              "title": "Handle confirm allert text press cancell",
              "fullTitle": "Validasi allert Handle confirm allert text press cancell",
              "timedOut": null,
              "duration": 1221,
              "state": "passed",
              "speed": "slow",
              "pass": true,
              "fail": false,
              "pending": false,
              "context": null,
              "code": "cy.visit('http://www.webdriveruniversity.com/');\ncy.get('#popup-alerts').invoke('removeAttr', 'target').click({\n  force: true\n});\ncy.get('#button4').click();\ncy.on('window:confirm', function (str) {\n  return false;\n});\ncy.get('#confirm-alert-text').contains('You pressed Cancel!');",
              "err": {},
              "uuid": "20be29e5-c808-4c07-8926-3f2e2d309d47",
              "parentUUID": "1ee020e2-d1e1-45df-9135-d411bd33c634",
              "isHook": false,
              "skipped": false
            },
            {
              "title": "Handle js confirm using stub",
              "fullTitle": "Validasi allert Handle js confirm using stub",
              "timedOut": null,
              "duration": 1252,
              "state": "passed",
              "speed": "slow",
              "pass": true,
              "fail": false,
              "pending": false,
              "context": null,
              "code": "cy.visit('http://www.webdriveruniversity.com/');\ncy.get('#popup-alerts').invoke('removeAttr', 'target').click({\n  force: true\n});\nvar stub = cy.stub();\ncy.on('window:confirm', stub);\ncy.get('#button4').click().then(function () {\n  expect(stub.getCall(0)).to.be.calledWith('Press a button!');\n}).then(function () {\n  return true;\n}).then(function () {\n  cy.get('#confirm-alert-text').contains('You pressed OK!');\n});",
              "err": {},
              "uuid": "b34dee39-57a6-4828-8023-c06cf5adbcd5",
              "parentUUID": "1ee020e2-d1e1-45df-9135-d411bd33c634",
              "isHook": false,
              "skipped": false
            }
          ],
          "suites": [],
          "passes": [
            "931090c9-89e0-4bf6-bcf9-fc44125650a3",
            "0af6a486-f85c-4efa-a20e-ca0d12e255ef",
            "20be29e5-c808-4c07-8926-3f2e2d309d47",
            "b34dee39-57a6-4828-8023-c06cf5adbcd5"
          ],
          "failures": [],
          "pending": [],
          "skipped": [],
          "duration": 7180,
          "root": false,
          "rootEmpty": false,
          "_timeout": 2000
        }
      ],
      "passes": [],
      "failures": [],
      "pending": [],
      "skipped": [],
      "duration": 0,
      "root": true,
      "rootEmpty": true,
      "_timeout": 2000
    },
    {
      "uuid": "2f3212f7-c80c-428e-a921-db1d074a8104",
      "title": "",
      "fullFile": "cypress/integration/webdriveruniversity/hooks.js",
      "file": "cypress/integration/webdriveruniversity/hooks.js",
      "beforeHooks": [],
      "afterHooks": [],
      "tests": [],
      "suites": [
        {
          "uuid": "1c40573d-c82d-488f-8e64-bfcdb1c77c5c",
          "title": "Hooks",
          "fullFile": "",
          "file": "",
          "beforeHooks": [],
          "afterHooks": [],
          "tests": [
            {
              "title": "task-1",
              "fullTitle": "Hooks task-1",
              "timedOut": null,
              "duration": 168,
              "state": "passed",
              "speed": "slow",
              "pass": true,
              "fail": false,
              "pending": false,
              "context": null,
              "code": "cy.log('execution task-1');",
              "err": {},
              "uuid": "43d780bd-8702-478f-9eb5-9ce2de95b4d3",
              "parentUUID": "1c40573d-c82d-488f-8e64-bfcdb1c77c5c",
              "isHook": false,
              "skipped": false
            },
            {
              "title": "task-2",
              "fullTitle": "Hooks task-2",
              "timedOut": null,
              "duration": 28,
              "state": "passed",
              "speed": "fast",
              "pass": true,
              "fail": false,
              "pending": false,
              "context": null,
              "code": "cy.log('execution task-2');",
              "err": {},
              "uuid": "2a9bd8a2-d908-4dd0-bd5e-46ee5c0d942a",
              "parentUUID": "1c40573d-c82d-488f-8e64-bfcdb1c77c5c",
              "isHook": false,
              "skipped": false
            }
          ],
          "suites": [],
          "passes": [
            "43d780bd-8702-478f-9eb5-9ce2de95b4d3",
            "2a9bd8a2-d908-4dd0-bd5e-46ee5c0d942a"
          ],
          "failures": [],
          "pending": [],
          "skipped": [],
          "duration": 196,
          "root": false,
          "rootEmpty": false,
          "_timeout": 2000
        }
      ],
      "passes": [],
      "failures": [],
      "pending": [],
      "skipped": [],
      "duration": 0,
      "root": true,
      "rootEmpty": true,
      "_timeout": 2000
    },
    {
      "uuid": "965df963-293b-4d62-b8bb-09e03b2a06f5",
      "title": "",
      "fullFile": "cypress/integration/webdriveruniversity/iframe.js",
      "file": "cypress/integration/webdriveruniversity/iframe.js",
      "beforeHooks": [],
      "afterHooks": [],
      "tests": [],
      "suites": [
        {
          "uuid": "51f395c5-e963-4031-96dd-7fd575d1acf4",
          "title": "Handling iframe & modals",
          "fullFile": "",
          "file": "",
          "beforeHooks": [],
          "afterHooks": [],
          "tests": [
            {
              "title": "Handle  iframe modals",
              "fullTitle": "Handling iframe & modals Handle  iframe modals",
              "timedOut": null,
              "duration": 4867,
              "state": "passed",
              "speed": "slow",
              "pass": true,
              "fail": false,
              "pending": false,
              "context": null,
              "code": "cy.visit('http://www.webdriveruniversity.com/');\ncy.get('#iframe').invoke('removeAttr', 'target').click({\n  force: true\n});\ncy.get('#frame').then(function ($element) {\n  var body = $element.contents().find('body');\n  cy.wrap(body).as('iframe');\n});\ncy.get('@iframe').find('#button-find-out-more').click();\ncy.get('@iframe').find('#myModal').as('modal');\ncy.get('@modal').then(function ($element) {\n  var text = $element.text();\n  expect(text).to.include('Welcome to webdriveruniversity.com we sell a wide range of electrical goods ');\n});\ncy.get('@modal').contains('Close').click();",
              "err": {},
              "uuid": "beb205d7-889e-43c5-a0f5-2c26f4864aee",
              "parentUUID": "51f395c5-e963-4031-96dd-7fd575d1acf4",
              "isHook": false,
              "skipped": false
            }
          ],
          "suites": [],
          "passes": [
            "beb205d7-889e-43c5-a0f5-2c26f4864aee"
          ],
          "failures": [],
          "pending": [],
          "skipped": [],
          "duration": 4867,
          "root": false,
          "rootEmpty": false,
          "_timeout": 2000
        }
      ],
      "passes": [],
      "failures": [],
      "pending": [],
      "skipped": [],
      "duration": 0,
      "root": true,
      "rootEmpty": true,
      "_timeout": 2000
    },
    {
      "uuid": "b0a4a082-3d1d-4aa9-a26b-6b501487cf35",
      "title": "",
      "fullFile": "cypress/integration/webdriveruniversity/mouse-action.js",
      "file": "cypress/integration/webdriveruniversity/mouse-action.js",
      "beforeHooks": [],
      "afterHooks": [],
      "tests": [],
      "suites": [
        {
          "uuid": "07f73953-709e-4bc3-962d-55ee1484740a",
          "title": "Automation Drag & Drop, double click",
          "fullFile": "",
          "file": "",
          "beforeHooks": [],
          "afterHooks": [],
          "tests": [
            {
              "title": "Hover and validate",
              "fullTitle": "Automation Drag & Drop, double click Hover and validate",
              "timedOut": null,
              "duration": 3840,
              "state": "passed",
              "speed": "slow",
              "pass": true,
              "fail": false,
              "pending": false,
              "context": null,
              "code": "cy.visit('http://www.webdriveruniversity.com/'); //scrollIntoView untuk mengarahkan view sesuai dengan scroll yang ditujunya.\ncy.get('#actions').scrollIntoView().invoke('removeAttr', 'target').click({\n  force: true\n}); //get element DOM , hover dan validasi\ncy.get(\"[class='dropdown hover']\").contains('Hover Over Me First!').next('.dropdown-content').then(function ($el) {\n  cy.wrap($el).invoke('show').contains('Link 1').click();\n  cy.on('window:alert', function (str) {\n    expect(str).to.equal('Well done you clicked on the link!');\n  });\n});\ncy.get(\"[class='dropdown']\").contains('Hover Over Me Second!').next('.dropdown-content').then(function ($el) {\n  cy.wrap($el).invoke('show').contains('Link 1').click();\n}).then(function () {\n  cy.on('window:alert', function (str) {\n    expect(str).to.equal('Well done you clicked on the link!');\n  });\n});\ncy.get(\"[class='dropdown']\").contains('Hover Over Me Third!').next('.dropdown-content').then(function ($el) {\n  cy.wrap($el).invoke('show').contains('Link 1').click();\n}).then(function () {\n  cy.on('window:alert', function (str) {\n    expect(str).to.equal('Well done you clicked on the link!');\n  });\n}); //cy.xpath(\"//button[normalize-space()='Hover Over Me First!']\").invoke('trigger','mousemove')",
              "err": {},
              "uuid": "a68e4df3-5c4a-40b5-b977-638e1634729d",
              "parentUUID": "07f73953-709e-4bc3-962d-55ee1484740a",
              "isHook": false,
              "skipped": false
            }
          ],
          "suites": [],
          "passes": [
            "a68e4df3-5c4a-40b5-b977-638e1634729d"
          ],
          "failures": [],
          "pending": [],
          "skipped": [],
          "duration": 3840,
          "root": false,
          "rootEmpty": false,
          "_timeout": 2000
        }
      ],
      "passes": [],
      "failures": [],
      "pending": [],
      "skipped": [],
      "duration": 0,
      "root": true,
      "rootEmpty": true,
      "_timeout": 2000
    },
    {
      "uuid": "f6233a4a-7704-4be8-b8be-0fc6f6bccee3",
      "title": "",
      "fullFile": "cypress/integration/webdriveruniversity/navigator.js",
      "file": "cypress/integration/webdriveruniversity/navigator.js",
      "beforeHooks": [],
      "afterHooks": [],
      "tests": [],
      "suites": [
        {
          "uuid": "652ad798-e38b-4340-b8a0-9664978147db",
          "title": "Open page di web yang sama",
          "fullFile": "",
          "file": "",
          "beforeHooks": [],
          "afterHooks": [],
          "tests": [
            {
              "title": "Tidak bisa ke link yang berbeda",
              "fullTitle": "Open page di web yang sama Tidak bisa ke link yang berbeda",
              "timedOut": null,
              "duration": 4988,
              "state": "passed",
              "speed": "slow",
              "pass": true,
              "fail": false,
              "pending": false,
              "context": null,
              "code": "cy.visit('http://www.webdriveruniversity.com/');\ncy.get('#login-portal').invoke('removeAttr', 'target').click({\n  force: true\n});\ncy.url().should('include', 'Login-Portal');\ncy.go('back');\ncy.reload();\ncy.get('#to-do-list').invoke('removeAttr', 'target').click({\n  force: true\n});\ncy.url().should('contain', 'To-Do-List');\ncy.go('back');",
              "err": {},
              "uuid": "cc6310ee-dea9-4351-81b8-bd1654af2d18",
              "parentUUID": "652ad798-e38b-4340-b8a0-9664978147db",
              "isHook": false,
              "skipped": false
            }
          ],
          "suites": [],
          "passes": [
            "cc6310ee-dea9-4351-81b8-bd1654af2d18"
          ],
          "failures": [],
          "pending": [],
          "skipped": [],
          "duration": 4988,
          "root": false,
          "rootEmpty": false,
          "_timeout": 2000
        }
      ],
      "passes": [],
      "failures": [],
      "pending": [],
      "skipped": [],
      "duration": 0,
      "root": true,
      "rootEmpty": true,
      "_timeout": 2000
    },
    {
      "uuid": "cc3f7d88-47ab-4ec1-8931-1ec93ef4644f",
      "title": "",
      "fullFile": "cypress/integration/webdriveruniversity/radio-button.js",
      "file": "cypress/integration/webdriveruniversity/radio-button.js",
      "beforeHooks": [],
      "afterHooks": [],
      "tests": [],
      "suites": [
        {
          "uuid": "f29c1b46-57d0-40c7-9954-48e4a8c87bd8",
          "title": "Automation radiobutton & validate",
          "fullFile": "",
          "file": "",
          "beforeHooks": [],
          "afterHooks": [],
          "tests": [
            {
              "title": "Check radiobutton and validate",
              "fullTitle": "Automation radiobutton & validate Check radiobutton and validate",
              "timedOut": null,
              "duration": 2907,
              "state": "passed",
              "speed": "slow",
              "pass": true,
              "fail": false,
              "pending": false,
              "context": null,
              "code": "cy.visit('http://www.webdriveruniversity.com/');\ncy.get('#dropdown-checkboxes-radiobuttons').invoke('removeAttr', 'target').click({\n  force: true\n}); //get id radiobutton kemudian mencari type radio dan mengecek tidak di cek\ncy.get('#radio-buttons').find(\"[type='radio']\").should('not.be.checked'); // check radio button menggunakan index 1 \ncy.get('#radio-buttons').find(\"[type='radio']\").eq(1).check(); //check radio button menggunakan value yellow\ncy.get('#radio-buttons').find(\"[type='radio']\").check('yellow').should('be.checked');",
              "err": {},
              "uuid": "e5d426ca-1f12-4a7d-8e24-296f48c14a3f",
              "parentUUID": "f29c1b46-57d0-40c7-9954-48e4a8c87bd8",
              "isHook": false,
              "skipped": false
            },
            {
              "title": "check radio button langsung dari valuenya",
              "fullTitle": "Automation radiobutton & validate check radio button langsung dari valuenya",
              "timedOut": null,
              "duration": 166,
              "state": "passed",
              "speed": "slow",
              "pass": true,
              "fail": false,
              "pending": false,
              "context": null,
              "code": "//check radio button langsung dari value\ncy.get(\"[value='lettuce']\").check(); //validasi radio button yang disable\ncy.get(\"[value='cabbage']\").should('be.disabled');",
              "err": {},
              "uuid": "34f75836-1d4f-4c37-8324-bb412f752491",
              "parentUUID": "f29c1b46-57d0-40c7-9954-48e4a8c87bd8",
              "isHook": false,
              "skipped": false
            }
          ],
          "suites": [],
          "passes": [
            "e5d426ca-1f12-4a7d-8e24-296f48c14a3f",
            "34f75836-1d4f-4c37-8324-bb412f752491"
          ],
          "failures": [],
          "pending": [],
          "skipped": [],
          "duration": 3073,
          "root": false,
          "rootEmpty": false,
          "_timeout": 2000
        }
      ],
      "passes": [],
      "failures": [],
      "pending": [],
      "skipped": [],
      "duration": 0,
      "root": true,
      "rootEmpty": true,
      "_timeout": 2000
    },
    {
      "uuid": "d780eee8-d3c4-4724-b3b5-21b7cae0994a",
      "title": "",
      "fullFile": "cypress/integration/webdriveruniversity/selectors.js",
      "file": "cypress/integration/webdriveruniversity/selectors.js",
      "beforeHooks": [],
      "afterHooks": [],
      "tests": [],
      "suites": [
        {
          "uuid": "f968f07c-f07c-493a-8a43-e12a8a39359f",
          "title": "Selector examples",
          "fullFile": "",
          "file": "",
          "beforeHooks": [],
          "afterHooks": [],
          "tests": [
            {
              "title": "Examples of Selectors via WebdriverUni Contact Us Page",
              "fullTitle": "Selector examples Examples of Selectors via WebdriverUni Contact Us Page",
              "timedOut": null,
              "duration": 1074,
              "state": "passed",
              "speed": "slow",
              "pass": true,
              "fail": false,
              "pending": false,
              "context": null,
              "code": "cy.visit(\"http://www.webdriveruniversity.com/Contact-Us/contactus.html\"); //By tag name\ncy.get(\"input\"); //By attribute name and value\ncy.get(\"input[name='first_name']\"); //By id\ncy.get(\"#contact_me\"); //By class\ncy.get(\".feedback-input\"); //By multiple classes\ncy.get(\"[class='navbar navbar-inverse navbar-fixed-top']\"); //By two different attributes\ncy.get(\"[name='email'][placeholder='Email Address']\"); //By xpath\ncy.xpath(\"//input[@name='first_name']\");",
              "err": {},
              "uuid": "276af4f6-272d-437d-8138-9e347f98a09b",
              "parentUUID": "f968f07c-f07c-493a-8a43-e12a8a39359f",
              "isHook": false,
              "skipped": false
            }
          ],
          "suites": [],
          "passes": [
            "276af4f6-272d-437d-8138-9e347f98a09b"
          ],
          "failures": [],
          "pending": [],
          "skipped": [],
          "duration": 1074,
          "root": false,
          "rootEmpty": false,
          "_timeout": 2000
        }
      ],
      "passes": [],
      "failures": [],
      "pending": [],
      "skipped": [],
      "duration": 0,
      "root": true,
      "rootEmpty": true,
      "_timeout": 2000
    },
    {
      "uuid": "04745262-7d9e-4b83-b1b9-e1f0c862646f",
      "title": "",
      "fullFile": "cypress/integration/webdriveruniversity/traversing-elements.js",
      "file": "cypress/integration/webdriveruniversity/traversing-elements.js",
      "beforeHooks": [],
      "afterHooks": [],
      "tests": [],
      "suites": [
        {
          "uuid": "7d8288c6-ad11-4ba5-90ce-4501b294951f",
          "title": "Traversing DOM elements in Cypress",
          "fullFile": "",
          "file": "",
          "beforeHooks": [],
          "afterHooks": [],
          "tests": [
            {
              "title": "siblings() To get all sibling DOM elements of elements",
              "fullTitle": "Traversing DOM elements in Cypress siblings() To get all sibling DOM elements of elements",
              "timedOut": null,
              "duration": 2822,
              "state": "passed",
              "speed": "slow",
              "pass": true,
              "fail": false,
              "pending": false,
              "context": null,
              "code": "cy.get('.btn-group-toggle > .active').siblings().should('have.length', 3);",
              "err": {},
              "uuid": "a3b7c819-11bb-40b1-8898-dda51405a5fc",
              "parentUUID": "7d8288c6-ad11-4ba5-90ce-4501b294951f",
              "isHook": false,
              "skipped": false
            }
          ],
          "suites": [],
          "passes": [
            "a3b7c819-11bb-40b1-8898-dda51405a5fc"
          ],
          "failures": [],
          "pending": [],
          "skipped": [],
          "duration": 2822,
          "root": false,
          "rootEmpty": false,
          "_timeout": 2000
        }
      ],
      "passes": [],
      "failures": [],
      "pending": [],
      "skipped": [],
      "duration": 0,
      "root": true,
      "rootEmpty": true,
      "_timeout": 2000
    },
    {
      "uuid": "a5cd2a13-88c6-4ee5-ae9d-e27c78a79244",
      "title": "",
      "fullFile": "cypress/integration/automationteststore/add-item-to-basket.js",
      "file": "cypress/integration/automationteststore/add-item-to-basket.js",
      "beforeHooks": [],
      "afterHooks": [],
      "tests": [],
      "suites": [
        {
          "uuid": "ed461aa8-55f7-4bae-b423-361c2d781c88",
          "title": "Add item to basket",
          "fullFile": "",
          "file": "",
          "beforeHooks": [],
          "afterHooks": [],
          "tests": [
            {
              "title": "add item from json users to basket",
              "fullTitle": "Add item to basket add item from json users to basket",
              "timedOut": null,
              "duration": 14714,
              "state": "passed",
              "speed": "slow",
              "pass": true,
              "fail": false,
              "pending": false,
              "context": null,
              "code": "homepage_PO.addHairCareItem();",
              "err": {},
              "uuid": "8d3312e7-7d43-465d-a454-9d24e8ba7a3a",
              "parentUUID": "ed461aa8-55f7-4bae-b423-361c2d781c88",
              "isHook": false,
              "skipped": false
            }
          ],
          "suites": [],
          "passes": [
            "8d3312e7-7d43-465d-a454-9d24e8ba7a3a"
          ],
          "failures": [],
          "pending": [],
          "skipped": [],
          "duration": 14714,
          "root": false,
          "rootEmpty": false,
          "_timeout": 2000
        }
      ],
      "passes": [],
      "failures": [],
      "pending": [],
      "skipped": [],
      "duration": 0,
      "root": true,
      "rootEmpty": true,
      "_timeout": 2000
    }
  ],
  "meta": {
    "mocha": {
      "version": "7.0.1"
    },
    "mochawesome": {
      "options": {
        "quiet": false,
        "reportFilename": "mochawesome",
        "saveHtml": false,
        "saveJson": true,
        "consoleReporter": "spec",
        "useInlineDiffs": false,
        "code": true
      },
      "version": "7.0.1"
    },
    "marge": {
      "options": {
        "id": "default",
        "reportDir": "cypress/results",
        "overwrite": false,
        "html": false,
        "json": true
      },
      "version": "6.0.1"
    }
  }
}